select id,name,pwd,post from salesman
select id,name,pwd,post from salesman
select id,name,pwd,post from salesman
select id,name,pwd,post from salesman
select id,name,pwd,post from salesman
select id,name,pwd,post from salesman
select id,name,pwd,post from salesman
select id,name,pwd,post from salesman
select id,name,pwd,post from salesman
select id,name,pwd,post from salesman
select id,name,pwd,post from salesman
select id,name,pwd,post from salesman
select id,name,pwd,post from salesman
select id,name,pwd,post from salesman
select id,name,pwd,post from salesman
select id,name,pwd,post from salesman
select id,name,pwd,post from salesman
select id,name,pwd,post from salesman
select id,name,pwd,post from salesman
select id,name,pwd,post from salesman
select id,name,pwd,post from salesman
select id,name,pwd,post from salesman
select id,name,pwd,post from salesman
select id,name,pwd,post from salesman
select distinct invoice_no from sales where not pid='N/A'
select distinct pid from sales where not pid='N/A'
select * from cardtypes
select id,name,pwd,post from salesman
select id,name,pwd,post from salesman
select id,name,pwd,post from salesman
select id,name,pwd,post from salesman
select id,name,pwd,post from salesman
select id,name,pwd,post from salesman
select id,name,pwd,post from salesman
select id,name,pwd,post from salesman
select id,name,pwd,post from salesman
select id,name,pwd,post from salesman
select id,name,pwd,post from salesman
select id,name,pwd,post from salesman
select * from medicine
select * from supplier
select * from cardtypes
select id,name,pwd,post from salesman
select * from medicine
select * from supplier
select * from cardtypes
select id,name,pwd,post from salesman
select * from medicine
select * from supplier
select * from cardtypes
select id,name,pwd,post from salesman
select * from medicine
select * from supplier
select * from cardtypes
select id,name,pwd,post from salesman
select * from medicine
select * from supplier
select * from cardtypes
select * from medtypes
select * from schedule
select distinct comp1 from medicine
select distinct comp2 from medicine
select * from medicine where code='8';
select * from medicine where code='80';
select * from medicine where code='801';
select * from medicine where code='8010';
select * from medicine where code='80102';
select * from medicine where code='801027';
select * from medicine where code='8010276';
select * from medicine where code='80102760';
select * from medicine where code='801027603';
select * from medicine where code='8010276030';
select * from medicine where code='80102760303';
select * from medicine where code='801027603039';
select * from medicine where code='8010276030399';
insert into medicine values('8010276030399','Vetlife Hepatic Feline','Farmina','Food','OTC',1,1,1,'NA','NA','23091000',18);commit;
select * from medicine
select id,name,pwd,post from salesman
select * from medicine
select * from supplier
select * from cardtypes
select * from medicine
select * from supplier
select * from cardtypes
select * from medtypes
select * from schedule
select distinct comp1 from medicine
select distinct comp2 from medicine
select * from medicine where code='8';
select * from medicine where code='80';
select * from medicine where code='801';
select * from medicine where code='8010';
select * from medicine where code='80102';
select * from medicine where code='801027';
select * from medicine where code='8010276';
select * from medicine where code='80102760';
select * from medicine where code='801027603';
select * from medicine where code='8010276030';
select * from medicine where code='80102760303';
select * from medicine where code='801027603039';
select * from medicine where code='8010276030399';
select * from medicine where code='';
select * from medicine where code='8';
select * from medicine where code='80';
select * from medicine where code='801';
select * from medicine where code='8010';
select * from medicine where code='80102';
select * from medicine where code='801027';
select * from medicine where code='8010276';
select * from medicine where code='80102760';
select * from medicine where code='801027602';
select * from medicine where code='8010276025';
select * from medicine where code='80102760253';
select * from medicine where code='801027602534';
select * from medicine where code='8010276025340';
insert into medicine values('8010276025340','Vetlife Gastrointestinal Feline','Farmina','Food','OTC',1,1,1,'NA','NA','23091000',18);commit;
select * from medicine
select id,name,pwd,post from salesman
select id,name,contact,email,credit from patient
select * from pdoctor
select * from medicine
select * from cardtypes
select * from inventory where code='8010276030399' and expiry>curdate() and stock_pack>0
select * from inventory where code='8010276030399' and expiry>curdate() and stock_pack>0
select id,name,pwd,post from salesman
select * from salesman
select distinct state from salesman
select distinct city from salesman
select distinct post from salesman
select id,name,pwd,post from salesman
select * from salesman
select distinct state from salesman
select distinct city from salesman
select distinct post from salesman
insert into salesman values('E20220827180818','d59b77a67ce4f0c32fb4fd110223e8f5','Ion Tarafdar','211 Garia Main Road','GariA','Kolkata','WB',700084,'Admin','9674074507','tarafdar.ion@gmail.com',0);commit;
select * from salesman
select distinct state from salesman
select distinct city from salesman
select distinct post from salesman
select id,name,pwd,post from salesman
select i.code,(select m0.name from medicine m0 where m0.code=i.code) from inventory i
select id,name,pwd,post from salesman
select id,name,pwd,post from salesman
select id,name,pwd,post from salesman
select id,name,pwd,post from salesman
select * from medicine
select * from supplier
select * from cardtypes
select distinct city from supplier
select distinct state from supplier
select * from supplier where id='S';
select * from supplier where id='S0';
select * from supplier where id='S00';
select * from supplier where id='S000';
select * from supplier where id='S0001';
select * from supplier
